<component name="libraryTable">
  <library name="junit2">
    <CLASSES>
      <root url="jar://$PROJECT_DIR$/algorithm_test/junit/junit-platform-console-standalone.jar!/" />
      <root url="jar://$PROJECT_DIR$/algorithm_test/junit/junit.jar!/" />
      <root url="jar://$PROJECT_DIR$/algorithm_test/junit/hamcrest-core.jar!/" />
    </CLASSES>
    <JAVADOC />
    <SOURCES />
  </library>
</component>