<component name="libraryTable">
  <library name="junit">
    <CLASSES>
      <root url="jar://$PROJECT_DIR$/junit/junit-platform-console-standalone.jar!/" />
      <root url="jar://$PROJECT_DIR$/junit/hamcrest-core.jar!/" />
      <root url="jar://$PROJECT_DIR$/junit/junit.jar!/" />
    </CLASSES>
    <JAVADOC />
    <SOURCES />
  </library>
</component>